<?xml version="1.0" encoding="UTF-8"?>
<!-- Generated by org.testng.reporters.JUnitReportReporter -->
<testsuite hostname="DESKTOP-4D5QIGT" failures="0" tests="1" name="com.bridgelabz.selenium.fileDownload" time="34.860" errors="0" timestamp="2022-08-03T22:39:48 IST" skipped="0">
  <testcase classname="com.bridgelabz.selenium.fileDownload" name="FileDwanload" time="34.860"/>
  <system-out/>
</testsuite> <!-- com.bridgelabz.selenium.fileDownload -->
