<?xml version="1.0" encoding="UTF-8"?>
<!-- Generated by org.testng.reporters.JUnitReportReporter -->
<testsuite hostname="DESKTOP-4D5QIGT" failures="0" tests="1" name="com.bridgelabz.selenium.Browser_Launching_userInput" time="69.017" errors="0" timestamp="2022-08-02T11:48:11 IST" skipped="0">
  <testcase classname="com.bridgelabz.selenium.Browser_Launching_userInput" name="launching_Multiple_Browser" time="69.017"/>
  <system-out/>
</testsuite> <!-- com.bridgelabz.selenium.Browser_Launching_userInput -->
