<?xml version="1.0" encoding="UTF-8"?>
<!-- Generated by org.testng.reporters.JUnitReportReporter -->
<testsuite hostname="DESKTOP-4D5QIGT" failures="0" tests="1" name="com.bridgelabz.selenium.Child_Browser_Popup" time="31.217" errors="0" timestamp="2022-08-04T08:25:20 IST" skipped="0">
  <testcase classname="com.bridgelabz.selenium.Child_Browser_Popup" name="countNumberOfBrowserWindows" time="31.217"/>
  <system-out/>
</testsuite> <!-- com.bridgelabz.selenium.Child_Browser_Popup -->
