<?xml version="1.0" encoding="UTF-8"?>
<!-- Generated by org.testng.reporters.JUnitReportReporter -->
<testsuite hostname="DESKTOP-4D5QIGT" failures="0" tests="1" name="com.bridgelabz.selenium.FileUploadAutoIT" time="32.098" errors="0" timestamp="2022-08-03T23:11:49 IST" skipped="0">
  <testcase classname="com.bridgelabz.selenium.FileUploadAutoIT" name="FileUplod" time="32.098"/>
  <system-out/>
</testsuite> <!-- com.bridgelabz.selenium.FileUploadAutoIT -->
