<?xml version="1.0" encoding="UTF-8"?>
<!-- Generated by org.testng.reporters.JUnitReportReporter -->
<testsuite hostname="DESKTOP-4D5QIGT" failures="0" tests="1" name="com.bridgelabz.selenium.WebElement_Interface" time="15.605" errors="0" timestamp="2022-07-27T22:34:40 IST" skipped="0">
  <testcase classname="com.bridgelabz.selenium.WebElement_Interface" name="getCssValue" time="15.605"/>
  <system-out/>
</testsuite> <!-- com.bridgelabz.selenium.WebElement_Interface -->
