<?xml version="1.0" encoding="UTF-8"?>
<!-- Generated by org.testng.reporters.JUnitReportReporter -->
<testsuite hostname="DESKTOP-4D5QIGT" failures="0" tests="1" name="com.bridgelabz.selenium.FileDownloadInChromeBrowser" time="20.686" errors="0" timestamp="2022-08-03T22:38:25 IST" skipped="0">
  <testcase classname="com.bridgelabz.selenium.FileDownloadInChromeBrowser" name="fileDownloadInChrome" time="20.686"/>
  <system-out/>
</testsuite> <!-- com.bridgelabz.selenium.FileDownloadInChromeBrowser -->
